#
# A fatal error has been detected by the Java Runtime Environment:
#
#  Internal Error (0xc000000d), pid=3884, tid=0x00000000000016e0
#
# JRE version: Java(TM) SE Runtime Environment (8.0_121-b13) (build 1.8.0_121-b13)
# Java VM: Java HotSpot(TM) 64-Bit Server VM (25.121-b13 mixed mode windows-amd64 compressed oops)
# Problematic frame:
# C  [ntdll.dll+0xfe5ac]
#
# Failed to write core dump. Minidumps are not enabled by default on client versions of Windows
#
# If you would like to submit a bug report, please visit:
#   http://bugreport.java.com/bugreport/crash.jsp
#

---------------  T H R E A D  ---------------

Current thread (0x0000000014295800):  VMThread [stack: 0x0000000014d10000,0x0000000014e10000] [id=5856]

siginfo: ExceptionCode=0xc000000d

Registers:
RAX=0x0000000000000000, RBX=0x000000000147ecc0, RCX=0x0000000000000000, RDX=0x0000000000000000
RSP=0x0000000014e0ebb0, RBP=0x0000000000000000, RSI=0x0000000017bf6ec0, RDI=0x0000000017bf56e0
R8 =0x0000000000000000, R9 =0x0000000000000000, R10=0x0000000000000000, R11=0x0000000000000005
R12=0x0000000000000000, R13=0x00000000ffffffff, R14=0x0000000017b93f80, R15=0x0000000017bf6ec0
RIP=0x00007ff972d2e5ac, EFLAGS=0x0000000000000206

Top of Stack: (sp=0x0000000014e0ebb0)
0x0000000014e0ebb0:   0000000000000057 000000000147ecc0
0x0000000014e0ebc0:   0000000017bf6ec0 0000000017bf56e0
0x0000000014e0ebd0:   00000000c000000d 0000000000000000
0x0000000014e0ebe0:   00007ff972d2e5ac 0000000000000000
0x0000000014e0ebf0:   0000000000000000 0000000000000000
0x0000000014e0ec00:   0000000000000000 0000000000000000
0x0000000014e0ec10:   0000000000000000 0000000000000000
0x0000000014e0ec20:   0000000000000000 0000000000000000
0x0000000014e0ec30:   0000000000000000 0000000000000000
0x0000000014e0ec40:   0000000000000000 0000000000000000
0x0000000014e0ec50:   0000000000000000 0000000000000000
0x0000000014e0ec60:   0000000000000000 0000000014e0ee94
0x0000000014e0ec70:   0000d6ade645d217 0000000000000000
0x0000000014e0ec80:   0000000100000008 00007ff972cf09fb
0x0000000014e0ec90:   000000007f672f4b 00007ff9667fe8db
0x0000000014e0eca0:   0000000000000008 0000000000000000 

Instructions: (pc=0x00007ff972d2e5ac)
0x00007ff972d2e58c:   d1 fa ff c7 44 24 20 0d 00 00 c0 b9 57 00 00 00
0x00007ff972d2e59c:   e8 df 0f f6 ff 90 48 8d 4c 24 20 e8 64 bb f4 ff
0x00007ff972d2e5ac:   eb 00 48 8b 8c 24 c0 00 00 00 48 33 cc e8 92 70
0x00007ff972d2e5bc:   f9 ff 48 81 c4 d8 00 00 00 c3 40 55 48 83 ec 20 


Register to memory mapping:

RAX=0x0000000000000000 is an unknown value
RBX=0x000000000147ecc0 is an unknown value
RCX=0x0000000000000000 is an unknown value
RDX=0x0000000000000000 is an unknown value
RSP=0x0000000014e0ebb0 is an unknown value
RBP=0x0000000000000000 is an unknown value
RSI=0x0000000017bf6ec0 is an unknown value
RDI=0x0000000017bf56e0 is an unknown value
R8 =0x0000000000000000 is an unknown value
R9 =0x0000000000000000 is an unknown value
R10=0x0000000000000000 is an unknown value
R11=0x0000000000000005 is an unknown value
R12=0x0000000000000000 is an unknown value
R13=0x00000000ffffffff is an unallocated location in the heap
R14=0x0000000017b93f80 is an unknown value
R15=0x0000000017bf6ec0 is an unknown value


Stack: [0x0000000014d10000,0x0000000014e10000],  sp=0x0000000014e0ebb0,  free space=1018k
Native frames: (J=compiled Java code, j=interpreted, Vv=VM code, C=native code)

VM_Operation (0x000000001942d250): Exit, mode: safepoint, requested by thread 0x00000000157e8000


---------------  P R O C E S S  ---------------

Java Threads: ( => current thread )
  0x00000000157e8000 JavaThread "AWT-EventQueue-0" [_thread_blocked, id=5512, stack(0x0000000019330000,0x0000000019430000)]
  0x00000000157e2000 JavaThread "Thread-3" [_thread_blocked, id=2792, stack(0x0000000019230000,0x0000000019330000)]
  0x00000000159c8800 JavaThread "AWT-Shutdown" [_thread_blocked, id=5544, stack(0x0000000016000000,0x0000000016100000)]
  0x00000000159c8000 JavaThread "Java2D Disposer" daemon [_thread_blocked, id=3888, stack(0x0000000015f00000,0x0000000016000000)]
  0x0000000003020800 JavaThread "DestroyJavaVM" [_thread_blocked, id=2120, stack(0x0000000002f20000,0x0000000003020000)]
  0x0000000014336800 JavaThread "Service Thread" daemon [_thread_blocked, id=5604, stack(0x0000000015500000,0x0000000015600000)]
  0x00000000142d2000 JavaThread "C1 CompilerThread1" daemon [_thread_blocked, id=3236, stack(0x0000000015400000,0x0000000015500000)]
  0x00000000142cc000 JavaThread "C2 CompilerThread0" daemon [_thread_blocked, id=4968, stack(0x0000000015300000,0x0000000015400000)]
  0x00000000142c9000 JavaThread "Attach Listener" daemon [_thread_blocked, id=2500, stack(0x0000000015200000,0x0000000015300000)]
  0x00000000142c6000 JavaThread "Signal Dispatcher" daemon [_thread_blocked, id=6104, stack(0x0000000015100000,0x0000000015200000)]
  0x00000000142b8800 JavaThread "Finalizer" daemon [_thread_blocked, id=2272, stack(0x0000000014f10000,0x0000000015010000)]
  0x000000000310d800 JavaThread "Reference Handler" daemon [_thread_blocked, id=5844, stack(0x0000000014e10000,0x0000000014f10000)]

Other Threads:
=>0x0000000014295800 VMThread [stack: 0x0000000014d10000,0x0000000014e10000] [id=5856]

VM state:at safepoint (shutting down)

VM Mutex/Monitor currently owned by a thread:  ([mutex/lock_event])
[0x0000000002f0b970] Threads_lock - owner thread: 0x0000000014295800

Heap:
 PSYoungGen      total 10240K, used 5719K [0x00000000f5700000, 0x00000000f6280000, 0x0000000100000000)
  eden space 8704K, 61% used [0x00000000f5700000,0x00000000f5c3ac20,0x00000000f5f80000)
  from space 1536K, 23% used [0x00000000f6100000,0x00000000f615b010,0x00000000f6280000)
  to   space 1536K, 0% used [0x00000000f5f80000,0x00000000f5f80000,0x00000000f6100000)
 ParOldGen       total 22016K, used 3810K [0x00000000e0400000, 0x00000000e1980000, 0x00000000f5700000)
  object space 22016K, 17% used [0x00000000e0400000,0x00000000e07b8960,0x00000000e1980000)
 Metaspace       used 9203K, capacity 9406K, committed 9600K, reserved 1058816K
  class space    used 1063K, capacity 1125K, committed 1152K, reserved 1048576K

Card table byte_map: [0x00000000124e0000,0x00000000125e0000] byte_map_base: 0x0000000011dde000

Marking Bits: (ParMarkBitMap*) 0x0000000069cbb6d0
 Begin Bits: [0x0000000012890000, 0x0000000013080000)
 End Bits:   [0x0000000013080000, 0x0000000013870000)

Polling page: 0x0000000001750000

CodeCache: size=245760Kb used=2744Kb max_used=2755Kb free=243015Kb
 bounds [0x0000000003120000, 0x00000000033e0000, 0x0000000012120000]
 total_blobs=1325 nmethods=699 adapters=540
 compilation: enabled

Compilation events (10 events):
Event: 24.395 Thread 0x00000000142d2000  696   !   3       sun.java2d.d3d.D3DScreenUpdateManager::trackScreenSurface (78 bytes)
Event: 24.396 Thread 0x00000000142d2000 nmethod 696 0x00000000033cad90 code [0x00000000033cafa0, 0x00000000033cbce8]
Event: 24.396 Thread 0x00000000142d2000  698       3       sun.java2d.SunGraphics2D::validateColor (102 bytes)
Event: 24.397 Thread 0x00000000142d2000 nmethod 698 0x00000000033ca450 code [0x00000000033ca5e0, 0x00000000033cabf8]
Event: 24.397 Thread 0x00000000142d2000  699       3       sun.java2d.SunGraphics2D::setDevClip (45 bytes)
Event: 24.398 Thread 0x00000000142d2000 nmethod 699 0x00000000033cc790 code [0x00000000033cc960, 0x00000000033cd318]
Event: 24.398 Thread 0x00000000142d2000  697  s    3       sun.java2d.d3d.D3DScreenUpdateManager::startUpdateThread (38 bytes)
Event: 24.399 Thread 0x00000000142d2000 nmethod 697 0x00000000033cd790 code [0x00000000033cd9a0, 0x00000000033ce888]
Event: 24.458 Thread 0x00000000142cc000  700       4       sun.java2d.pipe.RenderBuffer::putDouble (26 bytes)
Event: 24.460 Thread 0x00000000142cc000 nmethod 700 0x00000000033ca210 code [0x00000000033ca340, 0x00000000033ca3d8]

GC Heap History (10 events):
Event: 21.903 GC heap before
{Heap before GC invocations=24 (full 0):
 PSYoungGen      total 10752K, used 8943K [0x00000000f5700000, 0x00000000f6380000, 0x0000000100000000)
  eden space 8704K, 98% used [0x00000000f5700000,0x00000000f5f60e10,0x00000000f5f80000)
  from space 2048K, 17% used [0x00000000f5f80000,0x00000000f5fdb010,0x00000000f6180000)
  to   space 2048K, 0% used [0x00000000f6180000,0x00000000f6180000,0x00000000f6380000)
 ParOldGen       total 22016K, used 3762K [0x00000000e0400000, 0x00000000e1980000, 0x00000000f5700000)
  object space 22016K, 17% used [0x00000000e0400000,0x00000000e07ac960,0x00000000e1980000)
 Metaspace       used 9179K, capacity 9342K, committed 9600K, reserved 1058816K
  class space    used 1060K, capacity 1125K, committed 1152K, reserved 1048576K
Event: 21.903 GC heap after
Heap after GC invocations=24 (full 0):
 PSYoungGen      total 10752K, used 364K [0x00000000f5700000, 0x00000000f6380000, 0x0000000100000000)
  eden space 8704K, 0% used [0x00000000f5700000,0x00000000f5700000,0x00000000f5f80000)
  from space 2048K, 17% used [0x00000000f6180000,0x00000000f61db010,0x00000000f6380000)
  to   space 2048K, 0% used [0x00000000f5f80000,0x00000000f5f80000,0x00000000f6180000)
 ParOldGen       total 22016K, used 3770K [0x00000000e0400000, 0x00000000e1980000, 0x00000000f5700000)
  object space 22016K, 17% used [0x00000000e0400000,0x00000000e07ae960,0x00000000e1980000)
 Metaspace       used 9179K, capacity 9342K, committed 9600K, reserved 1058816K
  class space    used 1060K, capacity 1125K, committed 1152K, reserved 1048576K
}
Event: 22.583 GC heap before
{Heap before GC invocations=25 (full 0):
 PSYoungGen      total 10752K, used 8943K [0x00000000f5700000, 0x00000000f6380000, 0x0000000100000000)
  eden space 8704K, 98% used [0x00000000f5700000,0x00000000f5f60e28,0x00000000f5f80000)
  from space 2048K, 17% used [0x00000000f6180000,0x00000000f61db010,0x00000000f6380000)
  to   space 2048K, 0% used [0x00000000f5f80000,0x00000000f5f80000,0x00000000f6180000)
 ParOldGen       total 22016K, used 3770K [0x00000000e0400000, 0x00000000e1980000, 0x00000000f5700000)
  object space 22016K, 17% used [0x00000000e0400000,0x00000000e07ae960,0x00000000e1980000)
 Metaspace       used 9179K, capacity 9342K, committed 9600K, reserved 1058816K
  class space    used 1060K, capacity 1125K, committed 1152K, reserved 1048576K
Event: 22.584 GC heap after
Heap after GC invocations=25 (full 0):
 PSYoungGen      total 10752K, used 364K [0x00000000f5700000, 0x00000000f6380000, 0x0000000100000000)
  eden space 8704K, 0% used [0x00000000f5700000,0x00000000f5700000,0x00000000f5f80000)
  from space 2048K, 17% used [0x00000000f5f80000,0x00000000f5fdb010,0x00000000f6180000)
  to   space 2048K, 0% used [0x00000000f6180000,0x00000000f6180000,0x00000000f6380000)
 ParOldGen       total 22016K, used 3778K [0x00000000e0400000, 0x00000000e1980000, 0x00000000f5700000)
  object space 22016K, 17% used [0x00000000e0400000,0x00000000e07b0960,0x00000000e1980000)
 Metaspace       used 9179K, capacity 9342K, committed 9600K, reserved 1058816K
  class space    used 1060K, capacity 1125K, committed 1152K, reserved 1048576K
}
Event: 23.288 GC heap before
{Heap before GC invocations=26 (full 0):
 PSYoungGen      total 10752K, used 8943K [0x00000000f5700000, 0x00000000f6380000, 0x0000000100000000)
  eden space 8704K, 98% used [0x00000000f5700000,0x00000000f5f60e38,0x00000000f5f80000)
  from space 2048K, 17% used [0x00000000f5f80000,0x00000000f5fdb010,0x00000000f6180000)
  to   space 2048K, 0% used [0x00000000f6180000,0x00000000f6180000,0x00000000f6380000)
 ParOldGen       total 22016K, used 3778K [0x00000000e0400000, 0x00000000e1980000, 0x00000000f5700000)
  object space 22016K, 17% used [0x00000000e0400000,0x00000000e07b0960,0x00000000e1980000)
 Metaspace       used 9180K, capacity 9342K, committed 9600K, reserved 1058816K
  class space    used 1060K, capacity 1125K, committed 1152K, reserved 1048576K
Event: 23.289 GC heap after
Heap after GC invocations=26 (full 0):
 PSYoungGen      total 9728K, used 364K [0x00000000f5700000, 0x00000000f6280000, 0x0000000100000000)
  eden space 8704K, 0% used [0x00000000f5700000,0x00000000f5700000,0x00000000f5f80000)
  from space 1024K, 35% used [0x00000000f6180000,0x00000000f61db010,0x00000000f6280000)
  to   space 1536K, 0% used [0x00000000f5f80000,0x00000000f5f80000,0x00000000f6100000)
 ParOldGen       total 22016K, used 3786K [0x00000000e0400000, 0x00000000e1980000, 0x00000000f5700000)
  object space 22016K, 17% used [0x00000000e0400000,0x00000000e07b2960,0x00000000e1980000)
 Metaspace       used 9180K, capacity 9342K, committed 9600K, reserved 1058816K
  class space    used 1060K, capacity 1125K, committed 1152K, reserved 1048576K
}
Event: 24.008 GC heap before
{Heap before GC invocations=27 (full 0):
 PSYoungGen      total 9728K, used 9030K [0x00000000f5700000, 0x00000000f6280000, 0x0000000100000000)
  eden space 8704K, 99% used [0x00000000f5700000,0x00000000f5f76ab8,0x00000000f5f80000)
  from space 1024K, 35% used [0x00000000f6180000,0x00000000f61db010,0x00000000f6280000)
  to   space 1536K, 0% used [0x00000000f5f80000,0x00000000f5f80000,0x00000000f6100000)
 ParOldGen       total 22016K, used 3786K [0x00000000e0400000, 0x00000000e1980000, 0x00000000f5700000)
  object space 22016K, 17% used [0x00000000e0400000,0x00000000e07b2960,0x00000000e1980000)
 Metaspace       used 9197K, capacity 9406K, committed 9600K, reserved 1058816K
  class space    used 1063K, capacity 1125K, committed 1152K, reserved 1048576K
Event: 24.009 GC heap after
Heap after GC invocations=27 (full 0):
 PSYoungGen      total 10240K, used 396K [0x00000000f5700000, 0x00000000f6280000, 0x0000000100000000)
  eden space 8704K, 0% used [0x00000000f5700000,0x00000000f5700000,0x00000000f5f80000)
  from space 1536K, 25% used [0x00000000f5f80000,0x00000000f5fe3010,0x00000000f6100000)
  to   space 1536K, 0% used [0x00000000f6100000,0x00000000f6100000,0x00000000f6280000)
 ParOldGen       total 22016K, used 3794K [0x00000000e0400000, 0x00000000e1980000, 0x00000000f5700000)
  object space 22016K, 17% used [0x00000000e0400000,0x00000000e07b4960,0x00000000e1980000)
 Metaspace       used 9197K, capacity 9406K, committed 9600K, reserved 1058816K
  class space    used 1063K, capacity 1125K, committed 1152K, reserved 1048576K
}
Event: 24.682 GC heap before
{Heap before GC invocations=28 (full 0):
 PSYoungGen      total 10240K, used 9031K [0x00000000f5700000, 0x00000000f6280000, 0x0000000100000000)
  eden space 8704K, 99% used [0x00000000f5700000,0x00000000f5f6eea8,0x00000000f5f80000)
  from space 1536K, 25% used [0x00000000f5f80000,0x00000000f5fe3010,0x00000000f6100000)
  to   space 1536K, 0% used [0x00000000f6100000,0x00000000f6100000,0x00000000f6280000)
 ParOldGen       total 22016K, used 3794K [0x00000000e0400000, 0x00000000e1980000, 0x00000000f5700000)
  object space 22016K, 17% used [0x00000000e0400000,0x00000000e07b4960,0x00000000e1980000)
 Metaspace       used 9199K, capacity 9406K, committed 9600K, reserved 1058816K
  class space    used 1063K, capacity 1125K, committed 1152K, reserved 1048576K
Event: 24.682 GC heap after
Heap after GC invocations=28 (full 0):
 PSYoungGen      total 10240K, used 364K [0x00000000f5700000, 0x00000000f6280000, 0x0000000100000000)
  eden space 8704K, 0% used [0x00000000f5700000,0x00000000f5700000,0x00000000f5f80000)
  from space 1536K, 23% used [0x00000000f6100000,0x00000000f615b010,0x00000000f6280000)
  to   space 1536K, 0% used [0x00000000f5f80000,0x00000000f5f80000,0x00000000f6100000)
 ParOldGen       total 22016K, used 3810K [0x00000000e0400000, 0x00000000e1980000, 0x00000000f5700000)
  object space 22016K, 17% used [0x00000000e0400000,0x00000000e07b8960,0x00000000e1980000)
 Metaspace       used 9199K, capacity 9406K, committed 9600K, reserved 1058816K
  class space    used 1063K, capacity 1125K, committed 1152K, reserved 1048576K
}

Deoptimization events (2 events):
Event: 4.850 Thread 0x000000001436b000 Uncommon trap: reason=null_check action=make_not_entrant pc=0x00000000032a73b8 method=java.lang.String.equals(Ljava/lang/Object;)Z @ 8
Event: 5.759 Thread 0x00000000157e8000 Uncommon trap: reason=unstable_if action=reinterpret pc=0x00000000032fe6c4 method=sun.awt.image.ByteInterleavedRaster.putByteData(IIII[B)V @ 446

Internal exceptions (10 events):
Event: 0.064 Thread 0x0000000003020800 Exception <a 'java/lang/NoSuchMethodError': Method sun.misc.Unsafe.prefetchRead(Ljava/lang/Object;J)V name or signature does not match> (0x00000000f5707f90) thrown at [C:\re\workspace\8-2-build-windows-amd64-cygwin\jdk8u121\8372\hotspot\src\share\vm\prims
Event: 4.671 Thread 0x000000001436b000 Exception <a 'java/security/PrivilegedActionException'> (0x00000000f581f938) thrown at [C:\re\workspace\8-2-build-windows-amd64-cygwin\jdk8u121\8372\hotspot\src\share\vm\prims\jvm.cpp, line 1390]
Event: 4.671 Thread 0x000000001436b000 Exception <a 'java/security/PrivilegedActionException'> (0x00000000f581fb48) thrown at [C:\re\workspace\8-2-build-windows-amd64-cygwin\jdk8u121\8372\hotspot\src\share\vm\prims\jvm.cpp, line 1390]
Event: 4.673 Thread 0x000000001436b000 Exception <a 'java/security/PrivilegedActionException'> (0x00000000f58237b8) thrown at [C:\re\workspace\8-2-build-windows-amd64-cygwin\jdk8u121\8372\hotspot\src\share\vm\prims\jvm.cpp, line 1390]
Event: 4.673 Thread 0x000000001436b000 Exception <a 'java/security/PrivilegedActionException'> (0x00000000f58239c8) thrown at [C:\re\workspace\8-2-build-windows-amd64-cygwin\jdk8u121\8372\hotspot\src\share\vm\prims\jvm.cpp, line 1390]
Event: 4.677 Thread 0x000000001436b000 Exception <a 'java/io/FileNotFoundException'> (0x00000000f5825f80) thrown at [C:\re\workspace\8-2-build-windows-amd64-cygwin\jdk8u121\8372\hotspot\src\share\vm\prims\jni.cpp, line 709]
Event: 4.765 Thread 0x000000001436b000 Exception <a 'java/lang/NoSuchFieldError': method resolution failed> (0x00000000f58f34d0) thrown at [C:\re\workspace\8-2-build-windows-amd64-cygwin\jdk8u121\8372\hotspot\src\share\vm\prims\methodHandles.cpp, line 1146]
Event: 4.771 Thread 0x000000001436b000 Exception <a 'java/lang/NoSuchFieldError': method resolution failed> (0x00000000f59008a0) thrown at [C:\re\workspace\8-2-build-windows-amd64-cygwin\jdk8u121\8372\hotspot\src\share\vm\prims\methodHandles.cpp, line 1146]
Event: 4.811 Thread 0x000000001436b000 Exception <a 'java/io/FileNotFoundException'> (0x00000000f5994378) thrown at [C:\re\workspace\8-2-build-windows-amd64-cygwin\jdk8u121\8372\hotspot\src\share\vm\prims\jni.cpp, line 709]
Event: 4.850 Thread 0x000000001436b000 Implicit null exception at 0x00000000032a71e2 to 0x00000000032a73a9

Events (10 events):
Event: 25.035 Executing VM operation: RevokeBias
Event: 25.035 Executing VM operation: RevokeBias done
Event: 25.035 Thread 0x000000001436b000 Thread exited: 0x000000001436b000
Event: 25.036 loading class sun/java2d/pipe/hw/AccelDeviceEventNotifier
Event: 25.037 loading class sun/java2d/pipe/hw/AccelDeviceEventNotifier done
Event: 25.054 Executing VM operation: RevokeBias
Event: 25.054 Executing VM operation: RevokeBias done
Event: 25.054 Thread 0x0000000015a21800 Thread exited: 0x0000000015a21800
Event: 25.137 Thread 0x000000001597d800 Thread exited: 0x000000001597d800
Event: 25.137 Executing VM operation: Exit


Dynamic libraries:
0x00007ff7b9460000 - 0x00007ff7b9497000 	C:\Program Files\Java\jre1.8.0_121\bin\javaw.exe
0x00007ff972c30000 - 0x00007ff972e01000 	C:\Windows\SYSTEM32\ntdll.dll
0x00007ff972250000 - 0x00007ff9722fb000 	C:\Windows\System32\KERNEL32.DLL
0x00007ff96fae0000 - 0x00007ff96fcfd000 	C:\Windows\System32\KERNELBASE.dll
0x00007ff9716d0000 - 0x00007ff971772000 	C:\Windows\System32\ADVAPI32.dll
0x00007ff971d10000 - 0x00007ff971dae000 	C:\Windows\System32\msvcrt.dll
0x00007ff972300000 - 0x00007ff972359000 	C:\Windows\System32\sechost.dll
0x00007ff971db0000 - 0x00007ff971ed1000 	C:\Windows\System32\RPCRT4.dll
0x00007ff971b00000 - 0x00007ff971c65000 	C:\Windows\System32\USER32.dll
0x00007ff96f1c0000 - 0x00007ff96f1de000 	C:\Windows\System32\win32u.dll
0x00007ff972520000 - 0x00007ff972554000 	C:\Windows\System32\GDI32.dll
0x00007ff96fd00000 - 0x00007ff96fe82000 	C:\Windows\System32\gdi32full.dll
0x00007ff9656e0000 - 0x00007ff965959000 	C:\Windows\WinSxS\amd64_microsoft.windows.common-controls_6595b64144ccf1df_6.0.14393.0_none_2d0f50fcbdb171b8\COMCTL32.dll
0x00007ff971830000 - 0x00007ff971af7000 	C:\Windows\System32\combase.dll
0x00007ff96ff40000 - 0x00007ff970035000 	C:\Windows\System32\ucrtbase.dll
0x00007ff9700f0000 - 0x00007ff97015a000 	C:\Windows\System32\bcryptPrimitives.dll
0x00007ff971c70000 - 0x00007ff971c9e000 	C:\Windows\System32\IMM32.DLL
0x00000000693c0000 - 0x0000000069492000 	C:\Program Files\Java\jre1.8.0_121\bin\msvcr100.dll
0x00000000694a0000 - 0x0000000069d3b000 	C:\Program Files\Java\jre1.8.0_121\bin\server\jvm.dll
0x00007ff972360000 - 0x00007ff972368000 	C:\Windows\System32\PSAPI.DLL
0x00007ff95a350000 - 0x00007ff95a359000 	C:\Windows\SYSTEM32\WSOCK32.dll
0x00007ff971ee0000 - 0x00007ff971f4a000 	C:\Windows\System32\WS2_32.dll
0x00007ff96d5f0000 - 0x00007ff96d613000 	C:\Windows\SYSTEM32\WINMM.dll
0x00007ff962100000 - 0x00007ff96210a000 	C:\Windows\SYSTEM32\VERSION.dll
0x00007ff96d590000 - 0x00007ff96d5bb000 	C:\Windows\SYSTEM32\WINMMBASE.dll
0x00007ff96f8c0000 - 0x00007ff96f902000 	C:\Windows\System32\cfgmgr32.dll
0x00000000693b0000 - 0x00000000693bf000 	C:\Program Files\Java\jre1.8.0_121\bin\verify.dll
0x0000000069380000 - 0x00000000693a9000 	C:\Program Files\Java\jre1.8.0_121\bin\java.dll
0x0000000069360000 - 0x0000000069376000 	C:\Program Files\Java\jre1.8.0_121\bin\zip.dll
0x00007ff9701c0000 - 0x00007ff9716c8000 	C:\Windows\System32\SHELL32.dll
0x00007ff96f1e0000 - 0x00007ff96f8ba000 	C:\Windows\System32\windows.storage.dll
0x00007ff96f150000 - 0x00007ff96f19c000 	C:\Windows\System32\powrprof.dll
0x00007ff971f50000 - 0x00007ff971fa2000 	C:\Windows\System32\shlwapi.dll
0x00007ff96f1b0000 - 0x00007ff96f1bf000 	C:\Windows\System32\kernel.appcore.dll
0x00007ff96fe90000 - 0x00007ff96ff39000 	C:\Windows\System32\shcore.dll
0x00007ff96f130000 - 0x00007ff96f144000 	C:\Windows\System32\profapi.dll
0x0000000069340000 - 0x000000006935a000 	C:\Program Files\Java\jre1.8.0_121\bin\net.dll
0x00007ff96ea60000 - 0x00007ff96eabc000 	C:\Windows\system32\mswsock.dll
0x0000000069140000 - 0x00000000692d8000 	C:\Program Files\Java\jre1.8.0_121\bin\awt.dll
0x00007ff9725c0000 - 0x00007ff97267c000 	C:\Windows\System32\OLEAUT32.dll
0x00007ff96d6e0000 - 0x00007ff96d75a000 	C:\Windows\SYSTEM32\apphelp.dll
0x00007ff96d2c0000 - 0x00007ff96d2e6000 	C:\Windows\system32\DWMAPI.DLL
0x00007ff96d8c0000 - 0x00007ff96d955000 	C:\Windows\system32\uxtheme.dll
0x00007ff967080000 - 0x00007ff9671a3000 	C:\Windows\system32\opengl32.dll
0x00007ff96a4f0000 - 0x00007ff96a51d000 	C:\Windows\SYSTEM32\GLU32.dll
0x00007ff967c30000 - 0x00007ff967d27000 	C:\Windows\SYSTEM32\DDRAW.dll
0x00007ff96b2a0000 - 0x00007ff96b2a8000 	C:\Windows\SYSTEM32\DCIMAN32.dll
0x00007ff972ad0000 - 0x00007ff972c2b000 	C:\Windows\System32\MSCTF.dll
0x00007ff972010000 - 0x00007ff972147000 	C:\Windows\System32\ole32.dll
0x00007ff94f160000 - 0x00007ff94fb35000 	C:\Users\cerberus\git\Simple-movements-V2\Cerberus Movement\src\libs\Win\opencv_java2413.dll
0x00007ff969050000 - 0x00007ff969070000 	C:\Windows\SYSTEM32\AVIFIL32.dll
0x00007ff967050000 - 0x00007ff967079000 	C:\Windows\SYSTEM32\MSVFW32.dll
0x00007ff969010000 - 0x00007ff969028000 	C:\Windows\SYSTEM32\AVICAP32.dll
0x00007ff966d60000 - 0x00007ff966d7c000 	C:\Windows\SYSTEM32\MSACM32.dll
0x00007ff971780000 - 0x00007ff97181f000 	C:\Windows\System32\clbcatq.dll
0x00007ff967c10000 - 0x00007ff967c28000 	C:\Windows\System32\devenum.dll
0x00007ff972680000 - 0x00007ff972aa9000 	C:\Windows\System32\setupapi.dll
0x00007ff96e4e0000 - 0x00007ff96e512000 	C:\Windows\SYSTEM32\ntmarta.dll
0x00007ff96dd70000 - 0x00007ff96dd98000 	C:\Windows\SYSTEM32\DEVOBJ.dll
0x00007ff970160000 - 0x00007ff9701b5000 	C:\Windows\System32\WINTRUST.dll
0x00007ff96f1a0000 - 0x00007ff96f1b0000 	C:\Windows\System32\MSASN1.dll
0x00007ff96f910000 - 0x00007ff96fad8000 	C:\Windows\System32\CRYPT32.dll
0x00007ff96aa90000 - 0x00007ff96aa9a000 	C:\Windows\SYSTEM32\msdmo.dll
0x00007ff967010000 - 0x00007ff967043000 	C:\Windows\System32\qcap.dll
0x00007ff960010000 - 0x00007ff9601d3000 	C:\Windows\System32\quartz.dll
0x00007ff96f070000 - 0x00007ff96f09b000 	C:\Windows\System32\bcrypt.dll
0x00007ff966f40000 - 0x00007ff966f88000 	C:\Windows\System32\mfksproxy.dll
0x00007ff961050000 - 0x00007ff96106c000 	C:\Windows\System32\ATL.DLL
0x00007ff96afe0000 - 0x00007ff96b148000 	C:\Windows\System32\MFPlat.DLL
0x00007ff96af50000 - 0x00007ff96af7e000 	C:\Windows\System32\RTWorkQ.DLL
0x00007ff95fc20000 - 0x00007ff96000b000 	C:\Windows\System32\MFCORE.dll
0x00007ff966d90000 - 0x00007ff966d99000 	C:\Windows\System32\ksuser.dll
0x00007ff96ec00000 - 0x00007ff96ec0b000 	C:\Windows\System32\CRYPTBASE.DLL
0x00007ff966ec0000 - 0x00007ff966f12000 	C:\Windows\System32\FSClient.dll
0x00007ff966ca0000 - 0x00007ff966ced000 	C:\Windows\System32\MFSENSORGROUP.dll
0x00007ff96bfe0000 - 0x00007ff96bfeb000 	C:\Windows\System32\AVRT.dll
0x00007ff96a4b0000 - 0x00007ff96a4bd000 	C:\Windows\System32\vidcap.ax
0x00007ff966fe0000 - 0x00007ff967005000 	C:\Windows\System32\kswdmcap.ax
0x00007ff95f010000 - 0x00007ff95f173000 	C:\Windows\System32\MFC42.dll
0x00007ff961b20000 - 0x00007ff961bcf000 	C:\Windows\System32\ODBC32.dll
0x00007ff96e7b0000 - 0x00007ff96e7ba000 	C:\Windows\System32\DPAPI.dll
0x00007ff965c40000 - 0x00007ff965c83000 	C:\Windows\SYSTEM32\policymanager.dll
0x00007ff96dac0000 - 0x00007ff96db51000 	C:\Windows\System32\msvcp110_win.dll
0x00007ff9667e0000 - 0x00007ff9668b4000 	C:\Windows\System32\MFReadWrite.dll
0x00007ff966bf0000 - 0x00007ff966c93000 	C:\Windows\System32\qedit.dll
0x00007ff972150000 - 0x00007ff97224a000 	C:\Windows\System32\COMDLG32.dll
0x00007ff965200000 - 0x00007ff965399000 	C:\Windows\WinSxS\amd64_microsoft.windows.gdiplus_6595b64144ccf1df_1.1.14393.0_none_acd6c01ad1498de0\gdiplus.dll
0x00007ff9674e0000 - 0x00007ff9674ec000 	C:\Windows\SYSTEM32\msyuv.dll
0x00000000690f0000 - 0x0000000069137000 	C:\Program Files\Java\jre1.8.0_121\bin\fontmanager.dll
0x00007ff963d80000 - 0x00007ff963f12000 	C:\Windows\SYSTEM32\dbghelp.dll

VM Arguments:
jvm_args: -Djava.library.path=C:\Users\cerberus\git\Simple-movements-V2\Cerberus Movement\src\libs\Win;C:\Users\cerberus\git\Simple-movements-V2\Cerberus Movement\src\libs\Win -Dfile.encoding=Cp1252 
java_command: Main
java_class_path (initial): C:\Users\cerberus\git\Simple-movements-V2\Cerberus Movement\bin;C:\Users\cerberus\git\Simple-movements-V2\Cerberus Movement\src\RXTXcomm.jar;C:\Users\cerberus\git\Simple-movements-V2\Cerberus Movement\src\libs\opencv-2413.jar
Launcher Type: SUN_STANDARD

Environment Variables:
PATH=C:/Program Files/Java/jre1.8.0_121/bin/server;C:/Program Files/Java/jre1.8.0_121/bin;C:/Program Files/Java/jre1.8.0_121/lib/amd64;C:\Program Files (x86)\Parallels\Parallels Tools\Applications;C:\ProgramData\Oracle\Java\javapath;C:\Windows\system32;C:\Windows;C:\Windows\System32\Wbem;C:\Windows\System32\WindowsPowerShell\v1.0\;C:\Users\cerberus\AppData\Local\Microsoft\WindowsApps;;C:\Users\cerberus\Desktop;
USERNAME=cerberus
OS=Windows_NT
PROCESSOR_IDENTIFIER=Intel64 Family 6 Model 61 Stepping 4, GenuineIntel



---------------  S Y S T E M  ---------------

OS: Windows 10.0 , 64 bit Build 14393 (10.0.14393.0)

CPU:total 2 (2 cores per cpu, 1 threads per core) family 6 model 61 stepping 4, cmov, cx8, fxsr, mmx, sse, sse2, sse3, ssse3, sse4.1, sse4.2, popcnt, avx, avx2, aes, clmul, erms, lzcnt, tsc, bmi1, bmi2, adx

Memory: 4k page, physical 2079236k(447804k free), swap 3258884k(1103552k free)

vm_info: Java HotSpot(TM) 64-Bit Server VM (25.121-b13) for windows-amd64 JRE (1.8.0_121-b13), built on Dec 12 2016 18:21:36 by "java_re" with MS VC++ 10.0 (VS2010)

time: Thu Mar 23 15:21:49 2017
elapsed time: 25 seconds (0d 0h 0m 25s)

