#
# A fatal error has been detected by the Java Runtime Environment:
#
#  Internal Error (0xc000000d), pid=4056, tid=0x0000000000000580
#
# JRE version: Java(TM) SE Runtime Environment (8.0_121-b13) (build 1.8.0_121-b13)
# Java VM: Java HotSpot(TM) 64-Bit Server VM (25.121-b13 mixed mode windows-amd64 compressed oops)
# Problematic frame:
# C  [ntdll.dll+0xfe5ac]
#
# Failed to write core dump. Minidumps are not enabled by default on client versions of Windows
#
# If you would like to submit a bug report, please visit:
#   http://bugreport.java.com/bugreport/crash.jsp
#

---------------  T H R E A D  ---------------

Current thread (0x0000000013e66000):  VMThread [stack: 0x00000000148d0000,0x00000000149d0000] [id=1408]

siginfo: ExceptionCode=0xc000000d

Registers:
RAX=0x0000000000000000, RBX=0x000000000117ed10, RCX=0x0000000000000000, RDX=0x0000000000000000
RSP=0x00000000149ceab0, RBP=0x0000000000000000, RSI=0x0000000017af6ea0, RDI=0x0000000017af5670
R8 =0x0000000000000000, R9 =0x0000000000000000, R10=0x0000000000000000, R11=0x0000000000000000
R12=0x0000000000000000, R13=0x00000000ffffffff, R14=0x0000000017a93f80, R15=0x0000000017af6ea0
RIP=0x00007ff972d2e5ac, EFLAGS=0x0000000000000206

Top of Stack: (sp=0x00000000149ceab0)
0x00000000149ceab0:   0000000000000057 000000000117ed10
0x00000000149ceac0:   0000000017af6ea0 0000000017af5670
0x00000000149cead0:   00000000c000000d 0000000000000000
0x00000000149ceae0:   00007ff972d2e5ac 0000000000000000
0x00000000149ceaf0:   0000000000000000 0000000000000000
0x00000000149ceb00:   0000000000000000 0000000000000000
0x00000000149ceb10:   0000000000000000 0000000000000000
0x00000000149ceb20:   0000000000000000 0000000000000000
0x00000000149ceb30:   0000000000000000 0000000000000000
0x00000000149ceb40:   0000000000000000 0000000000000000
0x00000000149ceb50:   0000000000000000 0000000000000000
0x00000000149ceb60:   0000000000000000 00000000149ced94
0x00000000149ceb70:   00005eac8cedf6de 0000000000000000
0x00000000149ceb80:   000000010000000a 00007ff972cf09fb
0x00000000149ceb90:   000000007f672f4b 00007ff966b3e8db
0x00000000149ceba0:   0000000000000008 0000000000000000 

Instructions: (pc=0x00007ff972d2e5ac)
0x00007ff972d2e58c:   d1 fa ff c7 44 24 20 0d 00 00 c0 b9 57 00 00 00
0x00007ff972d2e59c:   e8 df 0f f6 ff 90 48 8d 4c 24 20 e8 64 bb f4 ff
0x00007ff972d2e5ac:   eb 00 48 8b 8c 24 c0 00 00 00 48 33 cc e8 92 70
0x00007ff972d2e5bc:   f9 ff 48 81 c4 d8 00 00 00 c3 40 55 48 83 ec 20 


Register to memory mapping:

RAX=0x0000000000000000 is an unknown value
RBX=0x000000000117ed10 is an unknown value
RCX=0x0000000000000000 is an unknown value
RDX=0x0000000000000000 is an unknown value
RSP=0x00000000149ceab0 is an unknown value
RBP=0x0000000000000000 is an unknown value
RSI=0x0000000017af6ea0 is an unknown value
RDI=0x0000000017af5670 is an unknown value
R8 =0x0000000000000000 is an unknown value
R9 =0x0000000000000000 is an unknown value
R10=0x0000000000000000 is an unknown value
R11=0x0000000000000000 is an unknown value
R12=0x0000000000000000 is an unknown value
R13=0x00000000ffffffff is an unallocated location in the heap
R14=0x0000000017a93f80 is an unknown value
R15=0x0000000017af6ea0 is an unknown value


Stack: [0x00000000148d0000,0x00000000149d0000],  sp=0x00000000149ceab0,  free space=1018k
Native frames: (J=compiled Java code, j=interpreted, Vv=VM code, C=native code)

VM_Operation (0x0000000018f9d360): Exit, mode: safepoint, requested by thread 0x0000000015694800


---------------  P R O C E S S  ---------------

Java Threads: ( => current thread )
  0x0000000002ca0800 JavaThread "DestroyJavaVM" [_thread_blocked, id=5384, stack(0x0000000002b90000,0x0000000002c90000)]
  0x0000000015694800 JavaThread "AWT-EventQueue-0" [_thread_blocked, id=2264, stack(0x0000000018ea0000,0x0000000018fa0000)]
  0x000000001568c000 JavaThread "Thread-2" [_thread_blocked, id=5748, stack(0x0000000018da0000,0x0000000018ea0000)]
  0x0000000015640000 JavaThread "AWT-Shutdown" [_thread_blocked, id=2312, stack(0x0000000015a90000,0x0000000015b90000)]
  0x000000001563f000 JavaThread "Java2D Disposer" daemon [_thread_blocked, id=300, stack(0x0000000015990000,0x0000000015a90000)]
  0x0000000013f19000 JavaThread "Thread-0" [_thread_in_native, id=5996, stack(0x00000000156d0000,0x00000000157d0000)]
  0x0000000013efa000 JavaThread "Service Thread" daemon [_thread_blocked, id=5388, stack(0x00000000150d0000,0x00000000151d0000)]
  0x0000000013ef3800 JavaThread "C1 CompilerThread1" daemon [_thread_blocked, id=1712, stack(0x0000000014fd0000,0x00000000150d0000)]
  0x0000000013e99800 JavaThread "C2 CompilerThread0" daemon [_thread_blocked, id=1020, stack(0x0000000014ed0000,0x0000000014fd0000)]
  0x0000000013e97800 JavaThread "Attach Listener" daemon [_thread_blocked, id=5756, stack(0x0000000014dd0000,0x0000000014ed0000)]
  0x0000000002d9d800 JavaThread "Signal Dispatcher" daemon [_thread_blocked, id=5816, stack(0x0000000014cd0000,0x0000000014dd0000)]
  0x0000000013e88800 JavaThread "Finalizer" daemon [_thread_blocked, id=2960, stack(0x0000000014ad0000,0x0000000014bd0000)]
  0x0000000002d8d800 JavaThread "Reference Handler" daemon [_thread_blocked, id=756, stack(0x00000000149d0000,0x0000000014ad0000)]

Other Threads:
=>0x0000000013e66000 VMThread [stack: 0x00000000148d0000,0x00000000149d0000] [id=1408]

VM state:at safepoint (shutting down)

VM Mutex/Monitor currently owned by a thread:  ([mutex/lock_event])
[0x0000000002c9c050] Threads_lock - owner thread: 0x0000000013e66000

Heap:
 PSYoungGen      total 10752K, used 6353K [0x00000000f5700000, 0x00000000f6380000, 0x0000000100000000)
  eden space 8704K, 71% used [0x00000000f5700000,0x00000000f5d1c638,0x00000000f5f80000)
  from space 2048K, 4% used [0x00000000f6180000,0x00000000f6198000,0x00000000f6380000)
  to   space 2048K, 0% used [0x00000000f5f80000,0x00000000f5f80000,0x00000000f6180000)
 ParOldGen       total 22016K, used 1745K [0x00000000e0400000, 0x00000000e1980000, 0x00000000f5700000)
  object space 22016K, 7% used [0x00000000e0400000,0x00000000e05b4718,0x00000000e1980000)
 Metaspace       used 8942K, capacity 9150K, committed 9344K, reserved 1056768K
  class space    used 1058K, capacity 1125K, committed 1152K, reserved 1048576K

Card table byte_map: [0x0000000012160000,0x0000000012260000] byte_map_base: 0x0000000011a5e000

Marking Bits: (ParMarkBitMap*) 0x0000000069cbb6d0
 Begin Bits: [0x0000000012460000, 0x0000000012c50000)
 End Bits:   [0x0000000012c50000, 0x0000000013440000)

Polling page: 0x0000000001060000

CodeCache: size=245760Kb used=2214Kb max_used=2214Kb free=243545Kb
 bounds [0x0000000002da0000, 0x0000000003010000, 0x0000000011da0000]
 total_blobs=1105 nmethods=564 adapters=455
 compilation: enabled

Compilation events (10 events):
Event: 7.478 Thread 0x0000000013ef3800  560       3       java.util.concurrent.locks.AbstractQueuedSynchronizer$ConditionObject::signalAll (33 bytes)
Event: 7.480 Thread 0x0000000013ef3800 nmethod 560 0x0000000002fc8510 code [0x0000000002fc86a0, 0x0000000002fc8a08]
Event: 7.480 Thread 0x0000000013ef3800  561       3       java.util.concurrent.locks.ReentrantLock$Sync::isHeldExclusively (16 bytes)
Event: 7.480 Thread 0x0000000013ef3800 nmethod 561 0x0000000002fc8b50 code [0x0000000002fc8ca0, 0x0000000002fc8ef0]
Event: 7.481 Thread 0x0000000013ef3800  562       3       java.awt.Point::<init> (15 bytes)
Event: 7.482 Thread 0x0000000013ef3800 nmethod 562 0x0000000002fc8f50 code [0x0000000002fc90c0, 0x0000000002fc92d0]
Event: 7.482 Thread 0x0000000013ef3800  563       3       java.awt.geom.Point2D::<init> (5 bytes)
Event: 7.482 Thread 0x0000000013ef3800 nmethod 563 0x0000000002fc93d0 code [0x0000000002fc9520, 0x0000000002fc96d0]
Event: 7.489 Thread 0x0000000013ef3800  564       3       java.util.IdentityHashMap$KeyIterator::next (13 bytes)
Event: 7.489 Thread 0x0000000013ef3800 nmethod 564 0x0000000002fc9790 code [0x0000000002fc9900, 0x0000000002fc9be8]

GC Heap History (10 events):
Event: 3.748 GC heap before
{Heap before GC invocations=4 (full 0):
 PSYoungGen      total 9728K, used 9682K [0x00000000f5700000, 0x00000000f6180000, 0x0000000100000000)
  eden space 8704K, 99% used [0x00000000f5700000,0x00000000f5f79ae0,0x00000000f5f80000)
  from space 1024K, 98% used [0x00000000f5f80000,0x00000000f607b030,0x00000000f6080000)
  to   space 1024K, 0% used [0x00000000f6080000,0x00000000f6080000,0x00000000f6180000)
 ParOldGen       total 22016K, used 741K [0x00000000e0400000, 0x00000000e1980000, 0x00000000f5700000)
  object space 22016K, 3% used [0x00000000e0400000,0x00000000e04b96b8,0x00000000e1980000)
 Metaspace       used 8858K, capacity 9014K, committed 9088K, reserved 1056768K
  class space    used 1054K, capacity 1125K, committed 1152K, reserved 1048576K
Event: 3.749 GC heap after
Heap after GC invocations=4 (full 0):
 PSYoungGen      total 9728K, used 1004K [0x00000000f5700000, 0x00000000f6180000, 0x0000000100000000)
  eden space 8704K, 0% used [0x00000000f5700000,0x00000000f5700000,0x00000000f5f80000)
  from space 1024K, 98% used [0x00000000f6080000,0x00000000f617b010,0x00000000f6180000)
  to   space 1024K, 0% used [0x00000000f5f80000,0x00000000f5f80000,0x00000000f6080000)
 ParOldGen       total 22016K, used 757K [0x00000000e0400000, 0x00000000e1980000, 0x00000000f5700000)
  object space 22016K, 3% used [0x00000000e0400000,0x00000000e04bd6b8,0x00000000e1980000)
 Metaspace       used 8858K, capacity 9014K, committed 9088K, reserved 1056768K
  class space    used 1054K, capacity 1125K, committed 1152K, reserved 1048576K
}
Event: 4.596 GC heap before
{Heap before GC invocations=5 (full 0):
 PSYoungGen      total 9728K, used 9608K [0x00000000f5700000, 0x00000000f6180000, 0x0000000100000000)
  eden space 8704K, 98% used [0x00000000f5700000,0x00000000f5f67028,0x00000000f5f80000)
  from space 1024K, 98% used [0x00000000f6080000,0x00000000f617b010,0x00000000f6180000)
  to   space 1024K, 0% used [0x00000000f5f80000,0x00000000f5f80000,0x00000000f6080000)
 ParOldGen       total 22016K, used 757K [0x00000000e0400000, 0x00000000e1980000, 0x00000000f5700000)
  object space 22016K, 3% used [0x00000000e0400000,0x00000000e04bd6b8,0x00000000e1980000)
 Metaspace       used 8881K, capacity 9086K, committed 9344K, reserved 1056768K
  class space    used 1054K, capacity 1125K, committed 1152K, reserved 1048576K
Event: 4.600 GC heap after
Heap after GC invocations=5 (full 0):
 PSYoungGen      total 9728K, used 1020K [0x00000000f5700000, 0x00000000f6380000, 0x0000000100000000)
  eden space 8704K, 0% used [0x00000000f5700000,0x00000000f5700000,0x00000000f5f80000)
  from space 1024K, 99% used [0x00000000f5f80000,0x00000000f607f020,0x00000000f6080000)
  to   space 2048K, 0% used [0x00000000f6180000,0x00000000f6180000,0x00000000f6380000)
 ParOldGen       total 22016K, used 757K [0x00000000e0400000, 0x00000000e1980000, 0x00000000f5700000)
  object space 22016K, 3% used [0x00000000e0400000,0x00000000e04bd6b8,0x00000000e1980000)
 Metaspace       used 8881K, capacity 9086K, committed 9344K, reserved 1056768K
  class space    used 1054K, capacity 1125K, committed 1152K, reserved 1048576K
}
Event: 5.365 GC heap before
{Heap before GC invocations=6 (full 0):
 PSYoungGen      total 9728K, used 9436K [0x00000000f5700000, 0x00000000f6380000, 0x0000000100000000)
  eden space 8704K, 96% used [0x00000000f5700000,0x00000000f5f382c0,0x00000000f5f80000)
  from space 1024K, 99% used [0x00000000f5f80000,0x00000000f607f020,0x00000000f6080000)
  to   space 2048K, 0% used [0x00000000f6180000,0x00000000f6180000,0x00000000f6380000)
 ParOldGen       total 22016K, used 757K [0x00000000e0400000, 0x00000000e1980000, 0x00000000f5700000)
  object space 22016K, 3% used [0x00000000e0400000,0x00000000e04bd6b8,0x00000000e1980000)
 Metaspace       used 8905K, capacity 9086K, committed 9344K, reserved 1056768K
  class space    used 1057K, capacity 1125K, committed 1152K, reserved 1048576K
Event: 5.369 GC heap after
Heap after GC invocations=6 (full 0):
 PSYoungGen      total 10752K, used 1052K [0x00000000f5700000, 0x00000000f6380000, 0x0000000100000000)
  eden space 8704K, 0% used [0x00000000f5700000,0x00000000f5700000,0x00000000f5f80000)
  from space 2048K, 51% used [0x00000000f6180000,0x00000000f6287020,0x00000000f6380000)
  to   space 2048K, 0% used [0x00000000f5f80000,0x00000000f5f80000,0x00000000f6180000)
 ParOldGen       total 22016K, used 765K [0x00000000e0400000, 0x00000000e1980000, 0x00000000f5700000)
  object space 22016K, 3% used [0x00000000e0400000,0x00000000e04bf6b8,0x00000000e1980000)
 Metaspace       used 8905K, capacity 9086K, committed 9344K, reserved 1056768K
  class space    used 1057K, capacity 1125K, committed 1152K, reserved 1048576K
}
Event: 6.160 GC heap before
{Heap before GC invocations=7 (full 0):
 PSYoungGen      total 10752K, used 9693K [0x00000000f5700000, 0x00000000f6380000, 0x0000000100000000)
  eden space 8704K, 99% used [0x00000000f5700000,0x00000000f5f70568,0x00000000f5f80000)
  from space 2048K, 51% used [0x00000000f6180000,0x00000000f6287020,0x00000000f6380000)
  to   space 2048K, 0% used [0x00000000f5f80000,0x00000000f5f80000,0x00000000f6180000)
 ParOldGen       total 22016K, used 765K [0x00000000e0400000, 0x00000000e1980000, 0x00000000f5700000)
  object space 22016K, 3% used [0x00000000e0400000,0x00000000e04bf6b8,0x00000000e1980000)
 Metaspace       used 8926K, capacity 9086K, committed 9344K, reserved 1056768K
  class space    used 1057K, capacity 1125K, committed 1152K, reserved 1048576K
Event: 6.162 GC heap after
Heap after GC invocations=7 (full 0):
 PSYoungGen      total 10752K, used 96K [0x00000000f5700000, 0x00000000f6380000, 0x0000000100000000)
  eden space 8704K, 0% used [0x00000000f5700000,0x00000000f5700000,0x00000000f5f80000)
  from space 2048K, 4% used [0x00000000f5f80000,0x00000000f5f98000,0x00000000f6180000)
  to   space 2048K, 0% used [0x00000000f6180000,0x00000000f6180000,0x00000000f6380000)
 ParOldGen       total 22016K, used 1737K [0x00000000e0400000, 0x00000000e1980000, 0x00000000f5700000)
  object space 22016K, 7% used [0x00000000e0400000,0x00000000e05b2718,0x00000000e1980000)
 Metaspace       used 8926K, capacity 9086K, committed 9344K, reserved 1056768K
  class space    used 1057K, capacity 1125K, committed 1152K, reserved 1048576K
}
Event: 7.001 GC heap before
{Heap before GC invocations=8 (full 0):
 PSYoungGen      total 10752K, used 8699K [0x00000000f5700000, 0x00000000f6380000, 0x0000000100000000)
  eden space 8704K, 98% used [0x00000000f5700000,0x00000000f5f66fd0,0x00000000f5f80000)
  from space 2048K, 4% used [0x00000000f5f80000,0x00000000f5f98000,0x00000000f6180000)
  to   space 2048K, 0% used [0x00000000f6180000,0x00000000f6180000,0x00000000f6380000)
 ParOldGen       total 22016K, used 1737K [0x00000000e0400000, 0x00000000e1980000, 0x00000000f5700000)
  object space 22016K, 7% used [0x00000000e0400000,0x00000000e05b2718,0x00000000e1980000)
 Metaspace       used 8933K, capacity 9086K, committed 9344K, reserved 1056768K
  class space    used 1057K, capacity 1125K, committed 1152K, reserved 1048576K
Event: 7.002 GC heap after
Heap after GC invocations=8 (full 0):
 PSYoungGen      total 10752K, used 96K [0x00000000f5700000, 0x00000000f6380000, 0x0000000100000000)
  eden space 8704K, 0% used [0x00000000f5700000,0x00000000f5700000,0x00000000f5f80000)
  from space 2048K, 4% used [0x00000000f6180000,0x00000000f6198000,0x00000000f6380000)
  to   space 2048K, 0% used [0x00000000f5f80000,0x00000000f5f80000,0x00000000f6180000)
 ParOldGen       total 22016K, used 1745K [0x00000000e0400000, 0x00000000e1980000, 0x00000000f5700000)
  object space 22016K, 7% used [0x00000000e0400000,0x00000000e05b4718,0x00000000e1980000)
 Metaspace       used 8933K, capacity 9086K, committed 9344K, reserved 1056768K
  class space    used 1057K, capacity 1125K, committed 1152K, reserved 1048576K
}

Deoptimization events (1 events):
Event: 0.346 Thread 0x0000000002ca0800 Uncommon trap: reason=null_check action=make_not_entrant pc=0x0000000002f24b38 method=java.lang.String.equals(Ljava/lang/Object;)Z @ 8

Internal exceptions (10 events):
Event: 0.044 Thread 0x0000000002ca0800 Exception <a 'java/lang/NoSuchMethodError': Method sun.misc.Unsafe.prefetchRead(Ljava/lang/Object;J)V name or signature does not match> (0x00000000f5707f90) thrown at [C:\re\workspace\8-2-build-windows-amd64-cygwin\jdk8u121\8372\hotspot\src\share\vm\prims
Event: 0.187 Thread 0x0000000002ca0800 Exception <a 'java/security/PrivilegedActionException'> (0x00000000f5829748) thrown at [C:\re\workspace\8-2-build-windows-amd64-cygwin\jdk8u121\8372\hotspot\src\share\vm\prims\jvm.cpp, line 1390]
Event: 0.187 Thread 0x0000000002ca0800 Exception <a 'java/security/PrivilegedActionException'> (0x00000000f5829958) thrown at [C:\re\workspace\8-2-build-windows-amd64-cygwin\jdk8u121\8372\hotspot\src\share\vm\prims\jvm.cpp, line 1390]
Event: 0.189 Thread 0x0000000002ca0800 Exception <a 'java/security/PrivilegedActionException'> (0x00000000f582d5c8) thrown at [C:\re\workspace\8-2-build-windows-amd64-cygwin\jdk8u121\8372\hotspot\src\share\vm\prims\jvm.cpp, line 1390]
Event: 0.189 Thread 0x0000000002ca0800 Exception <a 'java/security/PrivilegedActionException'> (0x00000000f582d7d8) thrown at [C:\re\workspace\8-2-build-windows-amd64-cygwin\jdk8u121\8372\hotspot\src\share\vm\prims\jvm.cpp, line 1390]
Event: 0.196 Thread 0x0000000002ca0800 Exception <a 'java/io/FileNotFoundException'> (0x00000000f582fd90) thrown at [C:\re\workspace\8-2-build-windows-amd64-cygwin\jdk8u121\8372\hotspot\src\share\vm\prims\jni.cpp, line 709]
Event: 0.248 Thread 0x0000000002ca0800 Exception <a 'java/lang/NoSuchFieldError': method resolution failed> (0x00000000f58fd560) thrown at [C:\re\workspace\8-2-build-windows-amd64-cygwin\jdk8u121\8372\hotspot\src\share\vm\prims\methodHandles.cpp, line 1146]
Event: 0.255 Thread 0x0000000002ca0800 Exception <a 'java/lang/NoSuchFieldError': method resolution failed> (0x00000000f590a9a0) thrown at [C:\re\workspace\8-2-build-windows-amd64-cygwin\jdk8u121\8372\hotspot\src\share\vm\prims\methodHandles.cpp, line 1146]
Event: 0.303 Thread 0x0000000002ca0800 Exception <a 'java/io/FileNotFoundException'> (0x00000000f599e598) thrown at [C:\re\workspace\8-2-build-windows-amd64-cygwin\jdk8u121\8372\hotspot\src\share\vm\prims\jni.cpp, line 709]
Event: 0.346 Thread 0x0000000002ca0800 Implicit null exception at 0x0000000002f24962 to 0x0000000002f24b29

Events (10 events):
Event: 7.002 Executing VM operation: ParallelGCFailedAllocation done
Event: 7.489 Thread 0x0000000015582800 Thread added: 0x0000000015582800
Event: 7.489 Thread 0x0000000015583800 Thread added: 0x0000000015583800
Event: 7.489 Thread 0x000000001565d800 Thread exited: 0x000000001565d800
Event: 7.489 loading class sun/java2d/pipe/hw/AccelDeviceEventNotifier
Event: 7.490 Thread 0x0000000015582800 Thread exited: 0x0000000015582800
Event: 7.491 loading class sun/java2d/pipe/hw/AccelDeviceEventNotifier done
Event: 7.504 Thread 0x0000000015644000 Thread exited: 0x0000000015644000
Event: 7.592 Thread 0x0000000015583800 Thread exited: 0x0000000015583800
Event: 7.592 Executing VM operation: Exit


Dynamic libraries:
0x00007ff7236b0000 - 0x00007ff7236e7000 	C:\Program Files\Java\jre1.8.0_121\bin\javaw.exe
0x00007ff972c30000 - 0x00007ff972e01000 	C:\Windows\SYSTEM32\ntdll.dll
0x00007ff972250000 - 0x00007ff9722fb000 	C:\Windows\System32\KERNEL32.DLL
0x00007ff96fae0000 - 0x00007ff96fcfd000 	C:\Windows\System32\KERNELBASE.dll
0x00007ff9716d0000 - 0x00007ff971772000 	C:\Windows\System32\ADVAPI32.dll
0x00007ff971d10000 - 0x00007ff971dae000 	C:\Windows\System32\msvcrt.dll
0x00007ff972300000 - 0x00007ff972359000 	C:\Windows\System32\sechost.dll
0x00007ff971db0000 - 0x00007ff971ed1000 	C:\Windows\System32\RPCRT4.dll
0x00007ff971b00000 - 0x00007ff971c65000 	C:\Windows\System32\USER32.dll
0x00007ff96f1c0000 - 0x00007ff96f1de000 	C:\Windows\System32\win32u.dll
0x00007ff972520000 - 0x00007ff972554000 	C:\Windows\System32\GDI32.dll
0x00007ff96fd00000 - 0x00007ff96fe82000 	C:\Windows\System32\gdi32full.dll
0x00007ff9656e0000 - 0x00007ff965959000 	C:\Windows\WinSxS\amd64_microsoft.windows.common-controls_6595b64144ccf1df_6.0.14393.0_none_2d0f50fcbdb171b8\COMCTL32.dll
0x00007ff971830000 - 0x00007ff971af7000 	C:\Windows\System32\combase.dll
0x00007ff96ff40000 - 0x00007ff970035000 	C:\Windows\System32\ucrtbase.dll
0x00007ff9700f0000 - 0x00007ff97015a000 	C:\Windows\System32\bcryptPrimitives.dll
0x00007ff971c70000 - 0x00007ff971c9e000 	C:\Windows\System32\IMM32.DLL
0x00000000693c0000 - 0x0000000069492000 	C:\Program Files\Java\jre1.8.0_121\bin\msvcr100.dll
0x00000000694a0000 - 0x0000000069d3b000 	C:\Program Files\Java\jre1.8.0_121\bin\server\jvm.dll
0x00007ff972360000 - 0x00007ff972368000 	C:\Windows\System32\PSAPI.DLL
0x00007ff95a350000 - 0x00007ff95a359000 	C:\Windows\SYSTEM32\WSOCK32.dll
0x00007ff971ee0000 - 0x00007ff971f4a000 	C:\Windows\System32\WS2_32.dll
0x00007ff96d5f0000 - 0x00007ff96d613000 	C:\Windows\SYSTEM32\WINMM.dll
0x00007ff962100000 - 0x00007ff96210a000 	C:\Windows\SYSTEM32\VERSION.dll
0x00007ff96d590000 - 0x00007ff96d5bb000 	C:\Windows\SYSTEM32\WINMMBASE.dll
0x00007ff96f8c0000 - 0x00007ff96f902000 	C:\Windows\System32\cfgmgr32.dll
0x00000000693b0000 - 0x00000000693bf000 	C:\Program Files\Java\jre1.8.0_121\bin\verify.dll
0x0000000069380000 - 0x00000000693a9000 	C:\Program Files\Java\jre1.8.0_121\bin\java.dll
0x0000000069360000 - 0x0000000069376000 	C:\Program Files\Java\jre1.8.0_121\bin\zip.dll
0x00007ff9701c0000 - 0x00007ff9716c8000 	C:\Windows\System32\SHELL32.dll
0x00007ff96f1e0000 - 0x00007ff96f8ba000 	C:\Windows\System32\windows.storage.dll
0x00007ff96f150000 - 0x00007ff96f19c000 	C:\Windows\System32\powrprof.dll
0x00007ff971f50000 - 0x00007ff971fa2000 	C:\Windows\System32\shlwapi.dll
0x00007ff96f1b0000 - 0x00007ff96f1bf000 	C:\Windows\System32\kernel.appcore.dll
0x00007ff96fe90000 - 0x00007ff96ff39000 	C:\Windows\System32\shcore.dll
0x00007ff96f130000 - 0x00007ff96f144000 	C:\Windows\System32\profapi.dll
0x0000000069340000 - 0x000000006935a000 	C:\Program Files\Java\jre1.8.0_121\bin\net.dll
0x00007ff96ea60000 - 0x00007ff96eabc000 	C:\Windows\system32\mswsock.dll
0x0000000069140000 - 0x00000000692d8000 	C:\Program Files\Java\jre1.8.0_121\bin\awt.dll
0x00007ff9725c0000 - 0x00007ff97267c000 	C:\Windows\System32\OLEAUT32.dll
0x00007ff96d6e0000 - 0x00007ff96d75a000 	C:\Windows\SYSTEM32\apphelp.dll
0x00007ff96d2c0000 - 0x00007ff96d2e6000 	C:\Windows\system32\DWMAPI.DLL
0x00007ff96d8c0000 - 0x00007ff96d955000 	C:\Windows\system32\uxtheme.dll
0x00007ff95f050000 - 0x00007ff95f173000 	C:\Windows\system32\opengl32.dll
0x00007ff95ef50000 - 0x00007ff95f047000 	C:\Windows\SYSTEM32\DDRAW.dll
0x00007ff9670e0000 - 0x00007ff96710d000 	C:\Windows\SYSTEM32\GLU32.dll
0x00007ff96abf0000 - 0x00007ff96abf8000 	C:\Windows\SYSTEM32\DCIMAN32.dll
0x00007ff972ad0000 - 0x00007ff972c2b000 	C:\Windows\System32\MSCTF.dll
0x00007ff972010000 - 0x00007ff972147000 	C:\Windows\System32\ole32.dll
0x00007ff94d8b0000 - 0x00007ff94e285000 	C:\Users\cerberus\git\Simple-movements-V2\Cerberus Movement\src\libs\Win\opencv_java2413.dll
0x00007ff967de0000 - 0x00007ff967e00000 	C:\Windows\SYSTEM32\AVIFIL32.dll
0x00007ff9670b0000 - 0x00007ff9670d9000 	C:\Windows\SYSTEM32\MSVFW32.dll
0x00007ff967d30000 - 0x00007ff967d48000 	C:\Windows\SYSTEM32\AVICAP32.dll
0x00007ff966d60000 - 0x00007ff966d7c000 	C:\Windows\SYSTEM32\MSACM32.dll
0x00007ff971780000 - 0x00007ff97181f000 	C:\Windows\System32\clbcatq.dll
0x00007ff9674e0000 - 0x00007ff9674f8000 	C:\Windows\System32\devenum.dll
0x00007ff972680000 - 0x00007ff972aa9000 	C:\Windows\System32\setupapi.dll
0x00007ff96e4e0000 - 0x00007ff96e512000 	C:\Windows\SYSTEM32\ntmarta.dll
0x00007ff96dd70000 - 0x00007ff96dd98000 	C:\Windows\SYSTEM32\DEVOBJ.dll
0x00007ff970160000 - 0x00007ff9701b5000 	C:\Windows\System32\WINTRUST.dll
0x00007ff96f1a0000 - 0x00007ff96f1b0000 	C:\Windows\System32\MSASN1.dll
0x00007ff96f910000 - 0x00007ff96fad8000 	C:\Windows\System32\CRYPT32.dll
0x00007ff96aa90000 - 0x00007ff96aa9a000 	C:\Windows\SYSTEM32\msdmo.dll
0x00007ff967010000 - 0x00007ff967043000 	C:\Windows\System32\qcap.dll
0x00007ff953f60000 - 0x00007ff954123000 	C:\Windows\System32\quartz.dll
0x00007ff96f070000 - 0x00007ff96f09b000 	C:\Windows\System32\bcrypt.dll
0x00007ff966f40000 - 0x00007ff966f88000 	C:\Windows\System32\mfksproxy.dll
0x00007ff961050000 - 0x00007ff96106c000 	C:\Windows\System32\ATL.DLL
0x00007ff96afe0000 - 0x00007ff96b148000 	C:\Windows\System32\MFPlat.DLL
0x00007ff96af50000 - 0x00007ff96af7e000 	C:\Windows\System32\RTWorkQ.DLL
0x00007ff94ff80000 - 0x00007ff95036b000 	C:\Windows\System32\MFCORE.dll
0x00007ff966d90000 - 0x00007ff966d99000 	C:\Windows\System32\ksuser.dll
0x00007ff96ec00000 - 0x00007ff96ec0b000 	C:\Windows\System32\CRYPTBASE.DLL
0x00007ff966ee0000 - 0x00007ff966f32000 	C:\Windows\System32\FSClient.dll
0x00007ff95e810000 - 0x00007ff95e85d000 	C:\Windows\System32\MFSENSORGROUP.dll
0x00007ff96bfe0000 - 0x00007ff96bfeb000 	C:\Windows\System32\AVRT.dll
0x00007ff967e20000 - 0x00007ff967e2d000 	C:\Windows\System32\vidcap.ax
0x00007ff966fe0000 - 0x00007ff967005000 	C:\Windows\System32\kswdmcap.ax
0x00007ff950970000 - 0x00007ff950ad3000 	C:\Windows\System32\MFC42.dll
0x00007ff961b20000 - 0x00007ff961bcf000 	C:\Windows\System32\ODBC32.dll
0x00007ff96e7b0000 - 0x00007ff96e7ba000 	C:\Windows\System32\DPAPI.dll
0x00007ff965c40000 - 0x00007ff965c83000 	C:\Windows\SYSTEM32\policymanager.dll
0x00007ff96dac0000 - 0x00007ff96db51000 	C:\Windows\System32\msvcp110_win.dll
0x00007ff966b20000 - 0x00007ff966bf4000 	C:\Windows\System32\MFReadWrite.dll
0x00007ff960390000 - 0x00007ff960433000 	C:\Windows\System32\qedit.dll
0x00007ff972150000 - 0x00007ff97224a000 	C:\Windows\System32\COMDLG32.dll
0x00007ff965200000 - 0x00007ff965399000 	C:\Windows\WinSxS\amd64_microsoft.windows.gdiplus_6595b64144ccf1df_1.1.14393.0_none_acd6c01ad1498de0\gdiplus.dll
0x00007ff967db0000 - 0x00007ff967dbc000 	C:\Windows\SYSTEM32\msyuv.dll
0x00000000690f0000 - 0x0000000069137000 	C:\Program Files\Java\jre1.8.0_121\bin\fontmanager.dll
0x00007ff963d80000 - 0x00007ff963f12000 	C:\Windows\SYSTEM32\dbghelp.dll

VM Arguments:
jvm_args: -Djava.library.path=C:\Users\cerberus\git\Simple-movements-V2\Cerberus Movement\src\libs\Win;C:\Users\cerberus\git\Simple-movements-V2\Cerberus Movement\src\libs\Win -Dfile.encoding=Cp1252 
java_command: cameraBackup.test
java_class_path (initial): C:\Users\cerberus\git\Simple-movements-V2\Cerberus Movement\bin;C:\Users\cerberus\git\Simple-movements-V2\Cerberus Movement\src\RXTXcomm.jar;C:\Users\cerberus\git\Simple-movements-V2\Cerberus Movement\src\libs\opencv-2413.jar
Launcher Type: SUN_STANDARD

Environment Variables:
PATH=C:/Program Files/Java/jre1.8.0_121/bin/server;C:/Program Files/Java/jre1.8.0_121/bin;C:/Program Files/Java/jre1.8.0_121/lib/amd64;C:\Program Files (x86)\Parallels\Parallels Tools\Applications;C:\ProgramData\Oracle\Java\javapath;C:\Windows\system32;C:\Windows;C:\Windows\System32\Wbem;C:\Windows\System32\WindowsPowerShell\v1.0\;C:\Users\cerberus\AppData\Local\Microsoft\WindowsApps;;C:\Users\cerberus\Desktop;
USERNAME=cerberus
OS=Windows_NT
PROCESSOR_IDENTIFIER=Intel64 Family 6 Model 61 Stepping 4, GenuineIntel



---------------  S Y S T E M  ---------------

OS: Windows 10.0 , 64 bit Build 14393 (10.0.14393.0)

CPU:total 2 (2 cores per cpu, 1 threads per core) family 6 model 61 stepping 4, cmov, cx8, fxsr, mmx, sse, sse2, sse3, ssse3, sse4.1, sse4.2, popcnt, avx, avx2, aes, clmul, erms, lzcnt, tsc, bmi1, bmi2, adx

Memory: 4k page, physical 2079236k(550540k free), swap 3258884k(1049464k free)

vm_info: Java HotSpot(TM) 64-Bit Server VM (25.121-b13) for windows-amd64 JRE (1.8.0_121-b13), built on Dec 12 2016 18:21:36 by "java_re" with MS VC++ 10.0 (VS2010)

time: Fri Mar 24 10:19:52 2017
elapsed time: 8 seconds (0d 0h 0m 8s)

